mode: atomic
github.com/KOMKZ/go-yogan-domain-admin/permissions/declared_permissions.go:12.49,39.2 1 0
github.com/KOMKZ/go-yogan-domain-admin/model/admin.go:23.33,25.2 1 1
github.com/KOMKZ/go-yogan-domain-admin/model/admin.go:27.33,29.2 1 3
github.com/KOMKZ/go-yogan-domain-admin/model/admin.go:31.37,33.2 1 3
github.com/KOMKZ/go-yogan-domain-admin/model/admin.go:37.30,39.2 1 2
github.com/KOMKZ/go-yogan-domain-admin/model/admin.go:41.35,43.2 1 2
github.com/KOMKZ/go-yogan-domain-admin/model/admin.go:45.42,47.2 1 2
github.com/KOMKZ/go-yogan-domain-admin/model/admin.go:51.60,52.20 1 4
github.com/KOMKZ/go-yogan-domain-admin/model/admin.go:52.20,54.3 1 2
github.com/KOMKZ/go-yogan-domain-admin/model/admin.go:55.2,55.29 1 2
github.com/KOMKZ/go-yogan-domain-admin/model/admin.go:55.29,57.3 1 1
github.com/KOMKZ/go-yogan-domain-admin/model/admin.go:58.2,58.11 1 1
github.com/KOMKZ/go-yogan-domain-admin/model/admin_login_log.go:19.41,21.2 1 1
github.com/KOMKZ/go-yogan-domain-admin/event/admin_event.go:17.95,26.2 1 2
github.com/KOMKZ/go-yogan-domain-admin/event/admin_event.go:28.41,30.2 1 1
github.com/KOMKZ/go-yogan-domain-admin/event/admin_event.go:38.75,44.2 1 2
github.com/KOMKZ/go-yogan-domain-admin/event/admin_event.go:46.42,48.2 1 1
github.com/KOMKZ/go-yogan-domain-admin/repository/admin_login_log_repository_mysql.go:14.81,16.2 1 0
github.com/KOMKZ/go-yogan-domain-admin/repository/admin_login_log_repository_mysql.go:18.100,20.2 1 0
github.com/KOMKZ/go-yogan-domain-admin/repository/admin_login_log_repository_mysql.go:22.153,28.27 4 0
github.com/KOMKZ/go-yogan-domain-admin/repository/admin_login_log_repository_mysql.go:28.27,30.3 1 0
github.com/KOMKZ/go-yogan-domain-admin/repository/admin_login_log_repository_mysql.go:32.2,32.50 1 0
github.com/KOMKZ/go-yogan-domain-admin/repository/admin_login_log_repository_mysql.go:32.50,34.3 1 0
github.com/KOMKZ/go-yogan-domain-admin/repository/admin_login_log_repository_mysql.go:36.2,37.96 2 0
github.com/KOMKZ/go-yogan-domain-admin/repository/admin_login_log_repository_mysql.go:37.96,39.3 1 0
github.com/KOMKZ/go-yogan-domain-admin/repository/admin_login_log_repository_mysql.go:41.2,41.25 1 0
github.com/KOMKZ/go-yogan-domain-admin/repository/admin_login_log_repository_mysql.go:44.129,47.16 3 0
github.com/KOMKZ/go-yogan-domain-admin/repository/admin_login_log_repository_mysql.go:47.16,49.3 1 0
github.com/KOMKZ/go-yogan-domain-admin/repository/admin_login_log_repository_mysql.go:50.2,50.18 1 0
github.com/KOMKZ/go-yogan-domain-admin/repository/admin_repository_mysql.go:18.65,23.2 1 0
github.com/KOMKZ/go-yogan-domain-admin/repository/admin_repository_mysql.go:25.86,27.2 1 0
github.com/KOMKZ/go-yogan-domain-admin/repository/admin_repository_mysql.go:29.93,31.48 2 0
github.com/KOMKZ/go-yogan-domain-admin/repository/admin_repository_mysql.go:31.48,33.3 1 0
github.com/KOMKZ/go-yogan-domain-admin/repository/admin_repository_mysql.go:34.2,34.20 1 0
github.com/KOMKZ/go-yogan-domain-admin/repository/admin_repository_mysql.go:37.86,39.2 1 0
github.com/KOMKZ/go-yogan-domain-admin/repository/admin_repository_mysql.go:41.75,43.2 1 0
github.com/KOMKZ/go-yogan-domain-admin/repository/admin_repository_mysql.go:45.144,51.45 4 0
github.com/KOMKZ/go-yogan-domain-admin/repository/admin_repository_mysql.go:51.45,53.3 1 0
github.com/KOMKZ/go-yogan-domain-admin/repository/admin_repository_mysql.go:55.2,55.50 1 0
github.com/KOMKZ/go-yogan-domain-admin/repository/admin_repository_mysql.go:55.50,57.3 1 0
github.com/KOMKZ/go-yogan-domain-admin/repository/admin_repository_mysql.go:59.2,60.98 2 0
github.com/KOMKZ/go-yogan-domain-admin/repository/admin_repository_mysql.go:60.98,62.3 1 0
github.com/KOMKZ/go-yogan-domain-admin/repository/admin_repository_mysql.go:64.2,64.27 1 0
github.com/KOMKZ/go-yogan-domain-admin/repository/admin_repository_mysql.go:67.107,70.35 3 0
github.com/KOMKZ/go-yogan-domain-admin/repository/admin_repository_mysql.go:70.35,72.3 1 0
github.com/KOMKZ/go-yogan-domain-admin/repository/admin_repository_mysql.go:73.2,73.16 1 0
github.com/KOMKZ/go-yogan-domain-admin/repository/admin_repository_mysql.go:73.16,75.3 1 0
github.com/KOMKZ/go-yogan-domain-admin/repository/admin_repository_mysql.go:76.2,76.20 1 0
github.com/KOMKZ/go-yogan-domain-admin/repository/admin_repository_mysql.go:79.101,82.35 3 0
github.com/KOMKZ/go-yogan-domain-admin/repository/admin_repository_mysql.go:82.35,84.3 1 0
github.com/KOMKZ/go-yogan-domain-admin/repository/admin_repository_mysql.go:85.2,85.16 1 0
github.com/KOMKZ/go-yogan-domain-admin/repository/admin_repository_mysql.go:85.16,87.3 1 0
github.com/KOMKZ/go-yogan-domain-admin/repository/admin_repository_mysql.go:88.2,88.20 1 0
github.com/KOMKZ/go-yogan-domain-admin/repository/admin_repository_mysql.go:91.101,94.35 3 0
github.com/KOMKZ/go-yogan-domain-admin/repository/admin_repository_mysql.go:94.35,96.3 1 0
github.com/KOMKZ/go-yogan-domain-admin/repository/admin_repository_mysql.go:97.2,97.16 1 0
github.com/KOMKZ/go-yogan-domain-admin/repository/admin_repository_mysql.go:97.16,99.3 1 0
github.com/KOMKZ/go-yogan-domain-admin/repository/admin_repository_mysql.go:100.2,100.20 1 0
github.com/KOMKZ/go-yogan-domain-admin/repository/admin_repository_mysql.go:103.83,105.2 1 0
github.com/KOMKZ/go-yogan-domain-admin/repository/admin_repository_mysql.go:107.102,109.2 1 0
github.com/KOMKZ/go-yogan-domain-admin/repository/admin_repository_mysql.go:111.86,114.2 2 0
